<?xml version="1.0" encoding="UTF-8"?>
<!-- Generated by org.testng.reporters.JUnitReportReporter -->
<testsuite skipped="0" hostname="ASDA1713PO02529" name="com.qainfotech.seleniumdemo.TestNestFrames" tests="1" failures="0" timestamp="26 Feb 2019 10:22:02 GMT" time="1.139" errors="0">
  <testcase name="testNestedFrames" time="1.139" classname="com.qainfotech.seleniumdemo.TestNestFrames"/>
</testsuite> <!-- com.qainfotech.seleniumdemo.TestNestFrames -->
