<?xml version="1.0" encoding="UTF-8"?>
<!-- Generated by org.testng.reporters.JUnitReportReporter -->
<testsuite skipped="0" hostname="ASDA1713PO02529" name="com.qainfotech.seleniumdemo.TestExampleLists" tests="1" failures="0" timestamp="26 Feb 2019 06:58:25 GMT" time="1.493" errors="0">
  <testcase name="testExampleLists" time="1.493" classname="com.qainfotech.seleniumdemo.TestExampleLists"/>
</testsuite> <!-- com.qainfotech.seleniumdemo.TestExampleLists -->
