<?xml version="1.0" encoding="UTF-8"?>
<!-- Generated by org.testng.reporters.JUnitReportReporter -->
<testsuite skipped="0" hostname="ASDA1713PO02529" name="com.qainfotech.seleniumdemo.SeleniumTests" tests="1" failures="0" timestamp="26 Feb 2019 05:18:37 GMT" time="3.517" errors="0">
  <testcase name="testGoogleSearch" time="3.517" classname="com.qainfotech.seleniumdemo.SeleniumTests"/>
</testsuite> <!-- com.qainfotech.seleniumdemo.SeleniumTests -->
