<?xml version="1.0" encoding="UTF-8"?>
<!-- Generated by org.testng.reporters.JUnitReportReporter -->
<testsuite skipped="0" hostname="ASDA1713PO02529" name="com.qainfotech.seleniumdemo.TestLinkNames" tests="1" failures="0" timestamp="26 Feb 2019 07:11:52 GMT" time="1.402" errors="0">
  <testcase name="testLinkNames" time="1.402" classname="com.qainfotech.seleniumdemo.TestLinkNames"/>
</testsuite> <!-- com.qainfotech.seleniumdemo.TestLinkNames -->
